<?xml version="1.0" encoding="UTF-8"?>
<!-- Generated by org.testng.reporters.JUnitXMLReporter -->
<testsuite ignored="0" hostname="LAPTOP-9081R7OK" failures="0" tests="6" name="Default test" time="79.637" errors="0" timestamp="2025-04-10T14:57:44 IST">
  <testcase classname="company.tests.TC_ID_10_Company_Trash_Job" name="TC_ID_10_01" time="18.231"/>
  <testcase classname="company.tests.TC_ID_10_Company_Trash_Job" name="TC_ID_10_02" time="0.418"/>
  <testcase classname="company.tests.TC_ID_10_Company_Trash_Job" name="TC_ID_10_03" time="20.824"/>
  <testcase classname="company.tests.TC_ID_10_Company_Trash_Job" name="TC_ID_10_04" time="5.222"/>
  <testcase classname="company.tests.TC_ID_10_Company_Trash_Job" name="TC_ID_10_05" time="1.82"/>
  <testcase classname="company.tests.TC_ID_10_Company_Trash_Job" name="TC_ID_10_06" time="32.612"/>
</testsuite> <!-- Default test -->
