<?xml version="1.0" encoding="UTF-8"?>
<!-- Generated by org.testng.reporters.JUnitXMLReporter -->
<testsuite ignored="0" hostname="LAPTOP-9081R7OK" failures="0" tests="8" name="Default test" time="324.975" errors="0" timestamp="2025-02-16T20:08:04 IST">
  <testcase classname="company.tests.TC_ID_03_Post_A_Job" name="TC_ID_03_01" time="14.783"/>
  <testcase classname="company.tests.TC_ID_03_Post_A_Job" name="TC_ID_03_02" time="3.087"/>
  <testcase classname="company.tests.TC_ID_03_Post_A_Job" name="TC_ID_03_03" time="1.987"/>
  <testcase classname="company.tests.TC_ID_03_Post_A_Job" name="TC_ID_03_04" time="104.781"/>
  <testcase classname="company.tests.TC_ID_03_Post_A_Job" name="TC_ID_03_05" time="53.075"/>
  <testcase classname="company.tests.TC_ID_03_Post_A_Job" name="TC_ID_03_06" time="47.598"/>
  <testcase classname="company.tests.TC_ID_03_Post_A_Job" name="TC_ID_03_07" time="47.366"/>
  <testcase classname="company.tests.TC_ID_03_Post_A_Job" name="TC_ID_03_08" time="52.088"/>
</testsuite> <!-- Default test -->
